<?xml version="1.0" encoding="UTF-8"?>
<!-- Generated by org.testng.reporters.JUnitReportReporter -->
<testsuite hostname="Dell-Sanjeev" failures="0" tests="2" name="com.ecommerce.website" time="53.502" errors="0" timestamp="2022-10-17T16:22:19 IST" skipped="0">
  <testcase classname="com.ecommerce.website" name="LaunchChrome" time="2.024"/>
  <testcase classname="com.ecommerce.website" name="f" time="51.478"/>
</testsuite> <!-- com.ecommerce.website -->
